For ft_strdup, in /Users/npentini/francinette/tests/libft/fsoares/test_strdup.c:

Error in test 1: ft_strdup(""): Memory problems!
     in sigabort utils.c:58:1
     in ft_strdup ft_strdup.c:31:10
     in single_test_strdup test_strdup.c:7:2
     in test_strdup test_strdup.c:13:8
     in main test_strdup.c:22:2

=================================================================
==35431==ERROR: AddressSanitizer: heap-buffer-overflow on address 0x6020000000f1 at pc 0x00010f49205f bp 0x7ffee0777800 sp 0x7ffee07777f8
WRITE of size 1 at 0x6020000000f1 thread T0
    #0 0x10f49205e in ft_strdup ft_strdup.c:31
    #1 0x10f48bd9e in single_test_strdup test_strdup.c:7
    #2 0x10f48c075 in test_strdup test_strdup.c:13
    #3 0x10f48c1ad in main test_strdup.c:22
    #4 0x7fff68273cc8 in start+0x0 (libdyld.dylib:x86_64+0x1acc8)

0x6020000000f1 is located 0 bytes to the right of 1-byte region [0x6020000000f0,0x6020000000f1)
allocated by thread T0 here:
    #0 0x112a8e17d in wrap_malloc+0x9d (libclang_rt.asan_osx_dynamic.dylib:x86_64h+0x4917d)
    #1 0x10f48c2cc in malloc malloc_mock.c:65
    #2 0x10f491f0e in ft_strdup ft_strdup.c:22
    #3 0x10f48bd9e in single_test_strdup test_strdup.c:7
    #4 0x10f48c075 in test_strdup test_strdup.c:13
    #5 0x10f48c1ad in main test_strdup.c:22
    #6 0x7fff68273cc8 in start+0x0 (libdyld.dylib:x86_64+0x1acc8)

SUMMARY: AddressSanitizer: heap-buffer-overflow ft_strdup.c:31 in ft_strdup

For ft_strjoin, in /Users/npentini/francinette/tests/libft/fsoares/test_strjoin.c:

Error in test 1: ft_strjoin("", ""): Memory problems!
     in sigabort utils.c:58:1
     in ft_strjoin ft_strjoin.c:40:10
     in test_single_strjoin test_strjoin.c:7:2
     in test_strjoin test_strjoin.c:13:8
     in main test_strjoin.c:24:2

=================================================================
==35434==ERROR: AddressSanitizer: heap-buffer-overflow on address 0x6020000000f1 at pc 0x000101952fd6 bp 0x7ffeee2b67a0 sp 0x7ffeee2b6798
WRITE of size 1 at 0x6020000000f1 thread T0
    #0 0x101952fd5 in ft_strjoin ft_strjoin.c:40
    #1 0x10194cb89 in test_single_strjoin test_strjoin.c:7
    #2 0x10194ce68 in test_strjoin test_strjoin.c:13
    #3 0x10194d00d in main test_strjoin.c:24
    #4 0x7fff68273cc8 in start+0x0 (libdyld.dylib:x86_64+0x1acc8)

0x6020000000f1 is located 0 bytes to the right of 1-byte region [0x6020000000f0,0x6020000000f1)
allocated by thread T0 here:
    #0 0x104f5117d in wrap_malloc+0x9d (libclang_rt.asan_osx_dynamic.dylib:x86_64h+0x4917d)
    #1 0x10194d12c in malloc malloc_mock.c:65
    #2 0x101952d8e in ft_strjoin ft_strjoin.c:26
    #3 0x10194cb89 in test_single_strjoin test_strjoin.c:7
    #4 0x10194ce68 in test_strjoin test_strjoin.c:13
    #5 0x10194d00d in main test_strjoin.c:24
    #6 0x7fff68273cc8 in start+0x0 (libdyld.dylib:x86_64+0x1acc8)

SUMMARY: AddressSanitizer: heap-buffer-overflow ft_strjoin.c:40 in ft_strjoin

For ft_split, in /Users/npentini/francinette/tests/libft/fsoares/test_split.c:

Error in test 1: ft_split("hello!", 32:' '):
malloc protection check for 2th malloc:
     in _add_malloc malloc_mock.c:29:8
     in malloc malloc_mock.c:75:10
  -> in ft_range ft_split.c:51:7
     in splitter ft_split.c:82:4
     in ft_split ft_split.c:101:6
     in test_single_split test_split.c:72:2
     in test_split test_split.c:79:6
     in main test_split.c:101:2
: Segmentation fault!
     in sigsegv utils.c:53:1
     in test_single_split test_split.c:72:2
     in test_split test_split.c:79:6
     in main test_split.c:101:2

For ft_lstmap, in /Users/npentini/francinette/tests/libft/fsoares/test_lstmap.c:

Error in test 2: ft_lstmap(<list: {node: "hello!"}->(null)>, [s => __strlen(s)], [x => free(x)]) NULL check for 0th malloc: You are not using the del function correctly
Error in test 2: ft_lstmap(<list: {node: "hello!"}->(null)>, [s => __strlen(s)], [x => free(x)]) NULL check for 0th malloc: Bus error: Trying to set unwritable memory
     in sigbus utils.c:63:1
     in free malloc_mock.c:83:1
6   test_lstmap.out                     0x000000010c206002 delete + 258
7   test_lstmap.out                     0x000000010c20c88b ft_lstclear + 267
8   test_lstmap.out                     0x000000010c20cc07 ft_lstmap + 759
9   test_lstmap.out                     0x000000010c2063af test_single_lstmap + 911
10  test_lstmap.out                     0x000000010c20663d test_lstmap + 109
11  test_lstmap.out                     0x000000010c20675e main + 158
12  libdyld.dylib                       0x00007fff68273cc9 start + 1
13  ???                                 0x0000000000000001 0x0 + 1

